
Kết quả 5.0*B:
┌                                                ┐
│    765.0   -105.0     60.0     25.0    -35.0   │
│     60.0  -1290.0   -155.0     75.0     45.0   │
│      0.0     75.0    540.0    125.0     95.0   │
│     70.0     -5.0      0.0    775.0    160.0   │
│    105.0     65.0   -125.0     30.0   1490.0   │
└                                                ┘
Kết quả 12.0*E:
┌                                                                                                                 ┐
│     1569.0       45.0       63.0      135.0      219.0       78.0      144.0      186.0       33.0      240.0   │
│      -84.0     1872.0       48.0       96.0   212.0004   -44.0004      -36.0       48.0      108.0   260.0004   │
│       33.6       50.4     1068.0       64.8      129.6      151.2      -93.6       96.0      177.6      156.0   │
│   198.8568   178.2852   305.1432  1685.1432   308.5716    25.7148    66.8568   126.8568    65.1432    77.1432   │
│    74.0004     -228.0   117.9996   146.0004     1368.0   -74.0004      174.0    44.0004     -126.0  -170.0004   │
│      -10.5      133.5       85.5       76.5      160.5      981.0      -72.0       22.5     -189.0     -105.0   │
│   -90.8568   -17.1432    63.4284   118.2852     -216.0    85.7148  1162.2852  -121.7148  -106.2852  -154.2852   │
│      206.4      132.0      187.2       33.6       26.4      170.4      187.2     1281.6       62.4       76.8   │
│   189.9996    57.9996   -69.9996       66.0  -116.0004    92.0004    68.0004      114.0   974.0004      -36.0   │
│    11.0004      -24.0   -30.9996    35.0004    47.0004   128.0004    26.0004   114.9996   -42.9996   624.9996   │
└                                                                                                                 ┘
Kết quả B + C:
┌                                           ┐
│   156.0   -19.0    17.0    -2.0    -3.0   │
│    23.0  -255.0   -29.0    12.0    11.0   │
│    -5.0    21.0   108.0    27.0    33.0   │
│    10.0    -8.0     2.0   158.0    42.0   │
│    24.0    15.0   -21.0     6.0   294.0   │
└                                           ┘
Kết quả B - C:
┌                                           ┐
│   150.0   -23.0     7.0    12.0   -11.0   │
│     1.0  -261.0   -33.0    18.0     7.0   │
│     5.0     9.0   108.0    23.0     5.0   │
│    18.0     6.0    -2.0   152.0    22.0   │
│    18.0    11.0   -29.0     6.0   302.0   │
└                                           ┘
Kết quả E - E1:
┌                                                                                                                 ┐
│     129.75       0.75       0.25      10.25       8.25        8.5       21.0       10.5       1.75        5.0   │
│      -10.0      130.5      -26.5       18.0  -105.3333    -5.6667      -11.0      -12.0       30.0     9.6667   │
│       -1.2      -24.3       53.5       14.4     -122.2       12.6       -6.8      -13.0       34.8      -14.0   │
│    14.5714    -7.6429    -0.0714   151.4286   -87.2857    -1.8571   -11.4286    -0.4286    27.4286     9.4286   │
│     1.1667      -67.0   -46.1667    33.1667     -122.0   -12.1667      -10.5   -23.3333       32.5   -23.1667   │
│      3.125     39.625     42.625     -2.625    146.375      81.75       -7.0     22.875     -35.75      18.25   │
│    -9.5714   -46.4286   -47.7143    33.8571     -251.0     4.1429    74.8571   -34.1429    37.1429   -18.8571   │
│       19.2       -5.5       -1.9       17.8      -97.8       11.2       -7.4      103.8       31.2       27.4   │
│    16.8333     7.8333    -0.8333        6.5     0.3333     5.6667    -3.3333       14.5    82.1667       12.0   │
│    -0.0833      -44.0   -50.5833    27.9167  -219.0833     5.6667   -28.8333    -9.4167    43.4167    61.0833   │
└                                                                                                                 ┘
Kết quả A * B:
┌                                                ┐
│    468.0   -721.0    421.0   1122.0    896.0   │
│    321.0     84.0     78.0    556.0   1915.0   │
│   1653.0  -1460.0    156.0    646.0    407.0   │
│   -561.0   -640.0   -893.0    -57.0   2351.0   │
└                                                ┘
Kết quả E * E1:
┌                                                                                                                           ┐
│       261.0    3208.875    3886.125    -1425.75    15959.25        88.5      767.25     2004.75     -2853.0     1628.25   │
│      594.67      6017.5     7094.51    -2633.67  29653.6864    593.3337     2659.67     3493.67    -5365.33   1677.0009   │
│       352.4      3215.4      3873.4     -1285.6     15598.4       184.4       842.4      2046.4     -2671.6      1682.4   │
│    554.7142   6164.9991   7145.2845   -2884.714    30761.71    804.0002   3590.4292   3308.9992  -5794.9994    537.8556   │
│       625.5     5885.25     6918.75     -2514.0    28822.51       645.0     2702.99      3417.0     -5170.5      1581.0   │
│    -195.125   -1619.625   -2029.125     558.875   -7692.875      42.125      112.38   -1188.125    1196.875   -1553.625   │
│    120.4282   2923.4958   3479.0664   -1549.141    15142.26    121.8569   1195.4272   1616.8546  -2961.8534     670.284   │
│      -108.8      3258.0      3642.8     -2324.0     18236.8       421.6      3079.2      1172.0     -4198.4     -1845.6   │
│   -152.8336  -512.00115  -737.00145      -53.17  -1912.8382    134.8333    742.1669     -625.83     31.1672     -1528.5   │
│       8.167     2281.63   2567.3773  -1468.4172  12368.4253    317.8335    1986.917     920.418  -2717.8346   -944.7486   │
└                                                                                                                           ┘
Định thức của ma trận B là:
-194733570432.0
Định thức của ma trận E là:
1.0725407560941522e+20
Ma trận nghịch đảo của E là : 
┌                                                                                                                                                         ┐
│   0.0078867151  -0.0002617064  -0.0001769635  -0.0003681719  -0.0011268525   -3.56806e-05  -0.0005871916  -0.0007688327  -0.0004910265  -0.0032212773   │
│   0.0005398347   0.0062569169  -0.0003508046  -0.0002748041  -0.0009395163   0.0006087638   0.0003794413   0.0001142982  -0.0007228472  -0.0028039903   │
│   0.0002038731  -0.0002290193   0.0112124714  -0.0002336761   -0.000768059   -0.001261247   0.0011577569  -0.0002014399  -0.0023475964  -0.0029982785   │
│  -0.0008186672  -0.0007793073  -0.0018457298   0.0074425184   -0.001306564   0.0001483917  -0.0002157972   -0.000396677  -0.0001927366  -0.0001654542   │
│  -0.0003931016   0.0011290511   -0.000483539  -0.0007939203   0.0086660634   0.0006313135  -0.0011947941  -0.0006051687    0.001279204    0.002216289   │
│   -8.03036e-05  -0.0008688531    -0.00034745  -0.0005848356   -0.000807756   0.0116366161   0.0006927611  -0.0004506871   0.0025770224   0.0026612618   │
│   0.0003785213   0.0004385114  -0.0004061068  -0.0009388225   0.0018030505  -0.0011930753   0.0097436547   0.0005965796   0.0012161267   0.0025814889   │
│  -0.0013086942  -0.0005463259  -0.0015365775   0.0001960705    5.63767e-05  -0.0010745058  -0.0015668161   0.0096568873   -0.000649197   -0.000686854   │
│  -0.0014088371   -1.86461e-05   0.0012118516  -0.0004400035   0.0012678093  -0.0010299425  -0.0005189069  -0.0011090567   0.0122094267   0.0011838451   │
│   0.0001120091   0.0004511893   0.0011396566  -0.0002802637  -0.0004655927  -0.0023010439   -0.000110364  -0.0017100287   0.0001601274   0.0183983304   │
└                                                                                                                                                         ┘
Ma trận nghịch đảo của B là : 
┌                                                                              ┐
│    0.006552136  -0.0005705004  -0.0008390343   -2.96401e-05   0.0002278174   │
│   0.0002408597  -0.0039564896  -0.0011304907    0.000552114   0.0001379399   │
│    0.000160679   0.0005106667    0.009286399  -0.0015354208  -0.0004388569   │
│  -0.0004976096   -2.68863e-05  -0.0001152152   0.0065160721  -0.0007032433   │
│  -0.0004487362   0.0002561841   0.0008898234  -0.0002820033   0.0033109753   │
└                                                                              ┘
Ma trận chuyển vị của E là :
┌                                                                                                       ┐
│    130.75      -7.0       2.8   16.5714    6.1667    -0.875   -7.5714      17.2   15.8333    0.9167   │
│      3.75     156.0       4.2   14.8571     -19.0    11.125   -1.4286      11.0    4.8333      -2.0   │
│      5.25       4.0      89.0   25.4286    9.8333     7.125    5.2857      15.6   -5.8333   -2.5833   │
│     11.25       8.0       5.4  140.4286   12.1667     6.375    9.8571       2.8       5.5    2.9167   │
│     18.25   17.6667      10.8   25.7143     114.0    13.375     -18.0       2.2   -9.6667    3.9167   │
│       6.5   -3.6667      12.6    2.1429   -6.1667     81.75    7.1429      14.2    7.6667   10.6667   │
│      12.0      -3.0      -7.8    5.5714      14.5      -6.0   96.8571      15.6    5.6667    2.1667   │
│      15.5       4.0       8.0   10.5714    3.6667     1.875  -10.1429     106.8       9.5    9.5833   │
│      2.75       9.0      14.8    5.4286     -10.5    -15.75   -8.8571       5.2   81.1667   -3.5833   │
│      20.0   21.6667      13.0    6.4286  -14.1667     -8.75  -12.8571       6.4      -3.0   52.0833   │
└                                                                                                       ┘
Ma trận chuyển vị của A là :
┌                           ┐
│   2.0   1.0  10.0  -5.0   │
│   3.0   0.0   5.0   3.0   │
│   5.0   2.0   2.0  -5.0   │
│   6.0   3.0   3.0   0.0   │
│   2.0   6.0   1.0   8.0   │
└                           ┘
Ma trận chuyển vị của B là :
┌                                           ┐
│   153.0    12.0     0.0    14.0    21.0   │
│   -21.0  -258.0    15.0    -1.0    13.0   │
│    12.0   -31.0   108.0     0.0   -25.0   │
│     5.0    15.0    25.0   155.0     6.0   │
│    -7.0     9.0    19.0    32.0   298.0   │
└                                           ┘